<?xml version="1.0" encoding="UTF-8"?>
<!-- Generated by org.testng.reporters.JUnitReportReporter -->
<testsuite skipped="0" hostname="Vannia.local" name="com.test.testOne" tests="3" failures="0" timestamp="22 May 2018 08:37:24 GMT" time="66.402" errors="0">
  <testcase name="test3" time="1.352" classname="com.test.testOne"/>
  <testcase name="test2" time="1.045" classname="com.test.testOne"/>
  <testcase name="test1" time="64.005" classname="com.test.testOne"/>
</testsuite> <!-- com.test.testOne -->
